# JRE version: OpenJDK Runtime Environment (8.0_152-b01) (build 1.8.0_152-release-915-b01)
# Java VM: OpenJDK 64-Bit Server VM (25.152-b01 mixed mode linux-amd64 compressed oops)
Heap:
 PSYoungGen      total 139264K, used 129024K [0x00000000e0000000, 0x00000000f1000000, 0x0000000100000000)
  eden space 129024K, 100% used [0x00000000e0000000,0x00000000e7e00000,0x00000000e7e00000)
  from space 10240K, 0% used [0x00000000e7e00000,0x00000000e7e00000,0x00000000e8800000)
  to   space 10240K, 62% used [0x00000000f0600000,0x00000000f0c376b8,0x00000000f1000000)
 ParOldGen       total 91136K, used 6351K [0x00000000a0000000, 0x00000000a5900000, 0x00000000e0000000)
  object space 91136K, 6% used [0x00000000a0000000,0x00000000a0633df8,0x00000000a5900000)
 Metaspace       used 29876K, capacity 30550K, committed 30720K, reserved 1075200K
  class space    used 4083K, capacity 4290K, committed 4352K, reserved 1048576K
GC Heap History (9 events):
Event: 0,874 GC heap before
{Heap before GC invocations=1 (full 0):
 PSYoungGen      total 74752K, used 64512K [0x00000000e0000000, 0x00000000e5300000, 0x0000000100000000)
  eden space 64512K, 100% used [0x00000000e0000000,0x00000000e3f00000,0x00000000e3f00000)
  from space 10240K, 0% used [0x00000000e4900000,0x00000000e4900000,0x00000000e5300000)
  to   space 10240K, 0% used [0x00000000e3f00000,0x00000000e3f00000,0x00000000e4900000)
 ParOldGen       total 171008K, used 0K [0x00000000a0000000, 0x00000000aa700000, 0x00000000e0000000)
  object space 171008K, 0% used [0x00000000a0000000,0x00000000a0000000,0x00000000aa700000)
 Metaspace       used 11366K, capacity 11758K, committed 11904K, reserved 1058816K
  class space    used 1506K, capacity 1631K, committed 1664K, reserved 1048576K
Event: 0,886 GC heap after
Heap after GC invocations=1 (full 0):
 PSYoungGen      total 74752K, used 7924K [0x00000000e0000000, 0x00000000e9200000, 0x0000000100000000)
  eden space 64512K, 0% used [0x00000000e0000000,0x00000000e0000000,0x00000000e3f00000)
  from space 10240K, 77% used [0x00000000e3f00000,0x00000000e46bd0a8,0x00000000e4900000)
  to   space 10240K, 0% used [0x00000000e8800000,0x00000000e8800000,0x00000000e9200000)
 ParOldGen       total 171008K, used 16K [0x00000000a0000000, 0x00000000aa700000, 0x00000000e0000000)
  object space 171008K, 0% used [0x00000000a0000000,0x00000000a0004000,0x00000000aa700000)
 Metaspace       used 11366K, capacity 11758K, committed 11904K, reserved 1058816K
  class space    used 1506K, capacity 1631K, committed 1664K, reserved 1048576K
}
Event: 1,669 GC heap before
{Heap before GC invocations=2 (full 0):
 PSYoungGen      total 74752K, used 72436K [0x00000000e0000000, 0x00000000e9200000, 0x0000000100000000)
  eden space 64512K, 100% used [0x00000000e0000000,0x00000000e3f00000,0x00000000e3f00000)
  from space 10240K, 77% used [0x00000000e3f00000,0x00000000e46bd0a8,0x00000000e4900000)
  to   space 10240K, 0% used [0x00000000e8800000,0x00000000e8800000,0x00000000e9200000)
 ParOldGen       total 171008K, used 16K [0x00000000a0000000, 0x00000000aa700000, 0x00000000e0000000)
  object space 171008K, 0% used [0x00000000a0000000,0x00000000a0004000,0x00000000aa700000)
 Metaspace       used 19910K, capacity 20436K, committed 20608K, reserved 1067008K
  class space    used 2757K, capacity 2913K, committed 2944K, reserved 1048576K
Event: 1,687 GC heap after
Heap after GC invocations=2 (full 0):
 PSYoungGen      total 139264K, used 10210K [0x00000000e0000000, 0x00000000e9200000, 0x0000000100000000)
  eden space 129024K, 0% used [0x00000000e0000000,0x00000000e0000000,0x00000000e7e00000)
  from space 10240K, 99% used [0x00000000e8800000,0x00000000e91f88c8,0x00000000e9200000)
  to   space 10240K, 0% used [0x00000000e7e00000,0x00000000e7e00000,0x00000000e8800000)
 ParOldGen       total 171008K, used 2250K [0x00000000a0000000, 0x00000000aa700000, 0x00000000e0000000)
  object space 171008K, 1% used [0x00000000a0000000,0x00000000a0232970,0x00000000aa700000)
 Metaspace       used 19910K, capacity 20436K, committed 20608K, reserved 1067008K
  class space    used 2757K, capacity 2913K, committed 2944K, reserved 1048576K
}
Event: 1,729 GC heap before
{Heap before GC invocations=3 (full 0):
 PSYoungGen      total 139264K, used 12730K [0x00000000e0000000, 0x00000000e9200000, 0x0000000100000000)
  eden space 129024K, 1% used [0x00000000e0000000,0x00000000e0276078,0x00000000e7e00000)
  from space 10240K, 99% used [0x00000000e8800000,0x00000000e91f88c8,0x00000000e9200000)
  to   space 10240K, 0% used [0x00000000e7e00000,0x00000000e7e00000,0x00000000e8800000)
 ParOldGen       total 171008K, used 2250K [0x00000000a0000000, 0x00000000aa700000, 0x00000000e0000000)
  object space 171008K, 1% used [0x00000000a0000000,0x00000000a0232970,0x00000000aa700000)
 Metaspace       used 20530K, capacity 21044K, committed 21248K, reserved 1067008K
  class space    used 2844K, capacity 3009K, committed 3072K, reserved 1048576K
Event: 1,743 GC heap after
Heap after GC invocations=3 (full 0):
 PSYoungGen      total 139264K, used 6532K [0x00000000e0000000, 0x00000000f1000000, 0x0000000100000000)
  eden space 129024K, 0% used [0x00000000e0000000,0x00000000e0000000,0x00000000e7e00000)
  from space 10240K, 63% used [0x00000000e7e00000,0x00000000e8461270,0x00000000e8800000)
  to   space 10240K, 0% used [0x00000000f0600000,0x00000000f0600000,0x00000000f1000000)
 ParOldGen       total 171008K, used 2258K [0x00000000a0000000, 0x00000000aa700000, 0x00000000e0000000)
  object space 171008K, 1% used [0x00000000a0000000,0x00000000a0234970,0x00000000aa700000)
 Metaspace       used 20530K, capacity 21044K, committed 21248K, reserved 1067008K
  class space    used 2844K, capacity 3009K, committed 3072K, reserved 1048576K
}
Event: 1,743 GC heap before
{Heap before GC invocations=4 (full 1):
 PSYoungGen      total 139264K, used 6532K [0x00000000e0000000, 0x00000000f1000000, 0x0000000100000000)
  eden space 129024K, 0% used [0x00000000e0000000,0x00000000e0000000,0x00000000e7e00000)
  from space 10240K, 63% used [0x00000000e7e00000,0x00000000e8461270,0x00000000e8800000)
  to   space 10240K, 0% used [0x00000000f0600000,0x00000000f0600000,0x00000000f1000000)
 ParOldGen       total 171008K, used 2258K [0x00000000a0000000, 0x00000000aa700000, 0x00000000e0000000)
  object space 171008K, 1% used [0x00000000a0000000,0x00000000a0234970,0x00000000aa700000)
 Metaspace       used 20530K, capacity 21044K, committed 21248K, reserved 1067008K
  class space    used 2844K, capacity 3009K, committed 3072K, reserved 1048576K
Event: 1,802 GC heap after
Heap after GC invocations=4 (full 1):
 PSYoungGen      total 139264K, used 0K [0x00000000e0000000, 0x00000000f1000000, 0x0000000100000000)
  eden space 129024K, 0% used [0x00000000e0000000,0x00000000e0000000,0x00000000e7e00000)
  from space 10240K, 0% used [0x00000000e7e00000,0x00000000e7e00000,0x00000000e8800000)
  to   space 10240K, 0% used [0x00000000f0600000,0x00000000f0600000,0x00000000f1000000)
 ParOldGen       total 91136K, used 6343K [0x00000000a0000000, 0x00000000a5900000, 0x00000000e0000000)
  object space 91136K, 6% used [0x00000000a0000000,0x00000000a0631df8,0x00000000a5900000)
 Metaspace       used 20530K, capacity 21044K, committed 21248K, reserved 1067008K
  class space    used 2844K, capacity 3009K, committed 3072K, reserved 1048576K
}
Event: 3,204 GC heap before
{Heap before GC invocations=5 (full 1):
 PSYoungGen      total 139264K, used 129024K [0x00000000e0000000, 0x00000000f1000000, 0x0000000100000000)
  eden space 129024K, 100% used [0x00000000e0000000,0x00000000e7e00000,0x00000000e7e00000)
  from space 10240K, 0% used [0x00000000e7e00000,0x00000000e7e00000,0x00000000e8800000)
  to   space 10240K, 0% used [0x00000000f0600000,0x00000000f0600000,0x00000000f1000000)
 ParOldGen       total 91136K, used 6343K [0x00000000a0000000, 0x00000000a5900000, 0x00000000e0000000)
  object space 91136K, 6% used [0x00000000a0000000,0x00000000a0631df8,0x00000000a5900000)
 Metaspace       used 29876K, capacity 30550K, committed 30720K, reserved 1075200K
  class space    used 4083K, capacity 4290K, committed 4352K, reserved 1048576K

