# JRE version: OpenJDK Runtime Environment (8.0_152-b01) (build 1.8.0_152-release-915-b01)
# Java VM: OpenJDK 64-Bit Server VM (25.152-b01 mixed mode linux-amd64 compressed oops)
Heap:
 PSYoungGen      total 413184K, used 172274K [0x00000000e0000000, 0x00000000fbf00000, 0x0000000100000000)
  eden space 399360K, 39% used [0x00000000e0000000,0x00000000e9abe8a0,0x00000000f8600000)
  from space 13824K, 99% used [0x00000000f9a00000,0x00000000fa77e038,0x00000000fa780000)
  to   space 20480K, 0% used [0x00000000f8600000,0x00000000f8600000,0x00000000f9a00000)
 ParOldGen       total 120320K, used 24070K [0x00000000a0000000, 0x00000000a7580000, 0x00000000e0000000)
  object space 120320K, 20% used [0x00000000a0000000,0x00000000a17818d0,0x00000000a7580000)
 Metaspace       used 54042K, capacity 55808K, committed 56152K, reserved 1097728K
  class space    used 7261K, capacity 7693K, committed 7808K, reserved 1048576K
GC Heap History (10 events):
Event: 1,895 GC heap before
{Heap before GC invocations=4 (full 1):
 PSYoungGen      total 139264K, used 6628K [0x00000000e0000000, 0x00000000f1000000, 0x0000000100000000)
  eden space 129024K, 0% used [0x00000000e0000000,0x00000000e0000000,0x00000000e7e00000)
  from space 10240K, 64% used [0x00000000e7e00000,0x00000000e8479060,0x00000000e8800000)
  to   space 10240K, 0% used [0x00000000f0600000,0x00000000f0600000,0x00000000f1000000)
 ParOldGen       total 171008K, used 2517K [0x00000000a0000000, 0x00000000aa700000, 0x00000000e0000000)
  object space 171008K, 1% used [0x00000000a0000000,0x00000000a0275620,0x00000000aa700000)
 Metaspace       used 20536K, capacity 21028K, committed 21248K, reserved 1067008K
  class space    used 2852K, capacity 3009K, committed 3072K, reserved 1048576K
Event: 1,939 GC heap after
Heap after GC invocations=4 (full 1):
 PSYoungGen      total 139264K, used 0K [0x00000000e0000000, 0x00000000f1000000, 0x0000000100000000)
  eden space 129024K, 0% used [0x00000000e0000000,0x00000000e0000000,0x00000000e7e00000)
  from space 10240K, 0% used [0x00000000e7e00000,0x00000000e7e00000,0x00000000e8800000)
  to   space 10240K, 0% used [0x00000000f0600000,0x00000000f0600000,0x00000000f1000000)
 ParOldGen       total 86016K, used 6944K [0x00000000a0000000, 0x00000000a5400000, 0x00000000e0000000)
  object space 86016K, 8% used [0x00000000a0000000,0x00000000a06c82e8,0x00000000a5400000)
 Metaspace       used 20536K, capacity 21028K, committed 21248K, reserved 1067008K
  class space    used 2852K, capacity 3009K, committed 3072K, reserved 1048576K
}
Event: 3,541 GC heap before
{Heap before GC invocations=5 (full 1):
 PSYoungGen      total 139264K, used 129024K [0x00000000e0000000, 0x00000000f1000000, 0x0000000100000000)
  eden space 129024K, 100% used [0x00000000e0000000,0x00000000e7e00000,0x00000000e7e00000)
  from space 10240K, 0% used [0x00000000e7e00000,0x00000000e7e00000,0x00000000e8800000)
  to   space 10240K, 0% used [0x00000000f0600000,0x00000000f0600000,0x00000000f1000000)
 ParOldGen       total 86016K, used 6944K [0x00000000a0000000, 0x00000000a5400000, 0x00000000e0000000)
  object space 86016K, 8% used [0x00000000a0000000,0x00000000a06c82e8,0x00000000a5400000)
 Metaspace       used 29897K, capacity 30470K, committed 30720K, reserved 1075200K
  class space    used 4091K, capacity 4290K, committed 4352K, reserved 1048576K
Event: 3,560 GC heap after
Heap after GC invocations=5 (full 1):
 PSYoungGen      total 241664K, used 10218K [0x00000000e0000000, 0x00000000f1000000, 0x0000000100000000)
  eden space 231424K, 0% used [0x00000000e0000000,0x00000000e0000000,0x00000000ee200000)
  from space 10240K, 99% used [0x00000000f0600000,0x00000000f0ffaaf0,0x00000000f1000000)
  to   space 10240K, 0% used [0x00000000efc00000,0x00000000efc00000,0x00000000f0600000)
 ParOldGen       total 86016K, used 8186K [0x00000000a0000000, 0x00000000a5400000, 0x00000000e0000000)
  object space 86016K, 9% used [0x00000000a0000000,0x00000000a07fe928,0x00000000a5400000)
 Metaspace       used 29897K, capacity 30470K, committed 30720K, reserved 1075200K
  class space    used 4091K, capacity 4290K, committed 4352K, reserved 1048576K
}
Event: 4,348 GC heap before
{Heap before GC invocations=6 (full 1):
 PSYoungGen      total 241664K, used 75525K [0x00000000e0000000, 0x00000000f1000000, 0x0000000100000000)
  eden space 231424K, 28% used [0x00000000e0000000,0x00000000e3fc6b20,0x00000000ee200000)
  from space 10240K, 99% used [0x00000000f0600000,0x00000000f0ffaaf0,0x00000000f1000000)
  to   space 10240K, 0% used [0x00000000efc00000,0x00000000efc00000,0x00000000f0600000)
 ParOldGen       total 86016K, used 8186K [0x00000000a0000000, 0x00000000a5400000, 0x00000000e0000000)
  object space 86016K, 9% used [0x00000000a0000000,0x00000000a07fe928,0x00000000a5400000)
 Metaspace       used 34505K, capacity 35188K, committed 35416K, reserved 1079296K
  class space    used 4695K, capacity 4934K, committed 4992K, reserved 1048576K
Event: 4,362 GC heap after
Heap after GC invocations=6 (full 1):
 PSYoungGen      total 268288K, used 9819K [0x00000000e0000000, 0x00000000fa780000, 0x0000000100000000)
  eden space 258048K, 0% used [0x00000000e0000000,0x00000000e0000000,0x00000000efc00000)
  from space 10240K, 95% used [0x00000000efc00000,0x00000000f0596c28,0x00000000f0600000)
  to   space 13824K, 0% used [0x00000000f9a00000,0x00000000f9a00000,0x00000000fa780000)
 ParOldGen       total 86016K, used 8258K [0x00000000a0000000, 0x00000000a5400000, 0x00000000e0000000)
  object space 86016K, 9% used [0x00000000a0000000,0x00000000a0810938,0x00000000a5400000)
 Metaspace       used 34505K, capacity 35188K, committed 35416K, reserved 1079296K
  class space    used 4695K, capacity 4934K, committed 4992K, reserved 1048576K
}
Event: 4,362 GC heap before
{Heap before GC invocations=7 (full 2):
 PSYoungGen      total 268288K, used 9819K [0x00000000e0000000, 0x00000000fa780000, 0x0000000100000000)
  eden space 258048K, 0% used [0x00000000e0000000,0x00000000e0000000,0x00000000efc00000)
  from space 10240K, 95% used [0x00000000efc00000,0x00000000f0596c28,0x00000000f0600000)
  to   space 13824K, 0% used [0x00000000f9a00000,0x00000000f9a00000,0x00000000fa780000)
 ParOldGen       total 86016K, used 8258K [0x00000000a0000000, 0x00000000a5400000, 0x00000000e0000000)
  object space 86016K, 9% used [0x00000000a0000000,0x00000000a0810938,0x00000000a5400000)
 Metaspace       used 34505K, capacity 35188K, committed 35416K, reserved 1079296K
  class space    used 4695K, capacity 4934K, committed 4992K, reserved 1048576K
Event: 4,479 GC heap after
Heap after GC invocations=7 (full 2):
 PSYoungGen      total 268288K, used 0K [0x00000000e0000000, 0x00000000fa780000, 0x0000000100000000)
  eden space 258048K, 0% used [0x00000000e0000000,0x00000000e0000000,0x00000000efc00000)
  from space 10240K, 0% used [0x00000000efc00000,0x00000000efc00000,0x00000000f0600000)
  to   space 13824K, 0% used [0x00000000f9a00000,0x00000000f9a00000,0x00000000fa780000)
 ParOldGen       total 120320K, used 15844K [0x00000000a0000000, 0x00000000a7580000, 0x00000000e0000000)
  object space 120320K, 13% used [0x00000000a0000000,0x00000000a0f79058,0x00000000a7580000)
 Metaspace       used 34505K, capacity 35188K, committed 35416K, reserved 1079296K
  class space    used 4695K, capacity 4934K, committed 4992K, reserved 1048576K
}
Event: 7,124 GC heap before
{Heap before GC invocations=8 (full 2):
 PSYoungGen      total 268288K, used 258048K [0x00000000e0000000, 0x00000000fa780000, 0x0000000100000000)
  eden space 258048K, 100% used [0x00000000e0000000,0x00000000efc00000,0x00000000efc00000)
  from space 10240K, 0% used [0x00000000efc00000,0x00000000efc00000,0x00000000f0600000)
  to   space 13824K, 0% used [0x00000000f9a00000,0x00000000f9a00000,0x00000000fa780000)
 ParOldGen       total 120320K, used 15844K [0x00000000a0000000, 0x00000000a7580000, 0x00000000e0000000)
  object space 120320K, 13% used [0x00000000a0000000,0x00000000a0f79058,0x00000000a7580000)
 Metaspace       used 49484K, capacity 51000K, committed 51160K, reserved 1093632K
  class space    used 6657K, capacity 7065K, committed 7168K, reserved 1048576K
Event: 7,154 GC heap after
Heap after GC invocations=8 (full 2):
 PSYoungGen      total 413184K, used 13816K [0x00000000e0000000, 0x00000000fbf00000, 0x0000000100000000)
  eden space 399360K, 0% used [0x00000000e0000000,0x00000000e0000000,0x00000000f8600000)
  from space 13824K, 99% used [0x00000000f9a00000,0x00000000fa77e038,0x00000000fa780000)
  to   space 20480K, 0% used [0x00000000f8600000,0x00000000f8600000,0x00000000f9a00000)
 ParOldGen       total 120320K, used 24070K [0x00000000a0000000, 0x00000000a7580000, 0x00000000e0000000)
  object space 120320K, 20% used [0x00000000a0000000,0x00000000a17818d0,0x00000000a7580000)
 Metaspace       used 49484K, capacity 51000K, committed 51160K, reserved 1093632K
  class space    used 6657K, capacity 7065K, committed 7168K, reserved 1048576K
}

