# JRE version: OpenJDK Runtime Environment (8.0_152-b01) (build 1.8.0_152-release-915-b01)
# Java VM: OpenJDK 64-Bit Server VM (25.152-b01 mixed mode linux-amd64 compressed oops)
Heap:
 PSYoungGen      total 467968K, used 467965K [0x00000000e0000000, 0x0000000100000000, 0x0000000100000000)
  eden space 435200K, 100% used [0x00000000e0000000,0x00000000fa900000,0x00000000fa900000)
  from space 32768K, 99% used [0x00000000fe000000,0x00000000fffff728,0x0000000100000000)
  to   space 44544K, 13% used [0x00000000fa900000,0x00000000faee00b0,0x00000000fd480000)
 ParOldGen       total 196096K, used 63511K [0x00000000a0000000, 0x00000000abf80000, 0x00000000e0000000)
  object space 196096K, 32% used [0x00000000a0000000,0x00000000a3e05e68,0x00000000abf80000)
 Metaspace       used 74280K, capacity 77604K, committed 77784K, reserved 1116160K
  class space    used 9408K, capacity 10195K, committed 10240K, reserved 1048576K
GC Heap History (10 events):
Event: 9,004 GC heap after
Heap after GC invocations=9 (full 2):
 PSYoungGen      total 363008K, used 19943K [0x00000000e0000000, 0x0000000100000000, 0x0000000100000000)
  eden space 343040K, 0% used [0x00000000e0000000,0x00000000e0000000,0x00000000f4f00000)
  from space 19968K, 99% used [0x00000000f4f00000,0x00000000f6279c28,0x00000000f6280000)
  to   space 23552K, 0% used [0x00000000fe900000,0x00000000fe900000,0x0000000100000000)
 ParOldGen       total 134656K, used 25827K [0x00000000a0000000, 0x00000000a8380000, 0x00000000e0000000)
  object space 134656K, 19% used [0x00000000a0000000,0x00000000a1938d20,0x00000000a8380000)
 Metaspace       used 57090K, capacity 58918K, committed 59028K, reserved 1099776K
  class space    used 7682K, capacity 8152K, committed 8192K, reserved 1048576K
}
Event: 9,004 GC heap before
{Heap before GC invocations=10 (full 3):
 PSYoungGen      total 363008K, used 19943K [0x00000000e0000000, 0x0000000100000000, 0x0000000100000000)
  eden space 343040K, 0% used [0x00000000e0000000,0x00000000e0000000,0x00000000f4f00000)
  from space 19968K, 99% used [0x00000000f4f00000,0x00000000f6279c28,0x00000000f6280000)
  to   space 23552K, 0% used [0x00000000fe900000,0x00000000fe900000,0x0000000100000000)
 ParOldGen       total 134656K, used 25827K [0x00000000a0000000, 0x00000000a8380000, 0x00000000e0000000)
  object space 134656K, 19% used [0x00000000a0000000,0x00000000a1938d20,0x00000000a8380000)
 Metaspace       used 57090K, capacity 58918K, committed 59028K, reserved 1099776K
  class space    used 7682K, capacity 8152K, committed 8192K, reserved 1048576K
Event: 9,233 GC heap after
Heap after GC invocations=10 (full 3):
 PSYoungGen      total 363008K, used 0K [0x00000000e0000000, 0x0000000100000000, 0x0000000100000000)
  eden space 343040K, 0% used [0x00000000e0000000,0x00000000e0000000,0x00000000f4f00000)
  from space 19968K, 0% used [0x00000000f4f00000,0x00000000f4f00000,0x00000000f6280000)
  to   space 23552K, 0% used [0x00000000fe900000,0x00000000fe900000,0x0000000100000000)
 ParOldGen       total 196096K, used 33790K [0x00000000a0000000, 0x00000000abf80000, 0x00000000e0000000)
  object space 196096K, 17% used [0x00000000a0000000,0x00000000a20ff910,0x00000000abf80000)
 Metaspace       used 57087K, capacity 58906K, committed 59028K, reserved 1099776K
  class space    used 7680K, capacity 8150K, committed 8192K, reserved 1048576K
}
Event: 12,046 GC heap before
{Heap before GC invocations=11 (full 3):
 PSYoungGen      total 363008K, used 342299K [0x00000000e0000000, 0x0000000100000000, 0x0000000100000000)
  eden space 343040K, 99% used [0x00000000e0000000,0x00000000f4e46c88,0x00000000f4f00000)
  from space 19968K, 0% used [0x00000000f4f00000,0x00000000f4f00000,0x00000000f6280000)
  to   space 23552K, 0% used [0x00000000fe900000,0x00000000fe900000,0x0000000100000000)
 ParOldGen       total 196096K, used 33790K [0x00000000a0000000, 0x00000000abf80000, 0x00000000e0000000)
  object space 196096K, 17% used [0x00000000a0000000,0x00000000a20ff910,0x00000000abf80000)
 Metaspace       used 65975K, capacity 68140K, committed 68312K, reserved 1107968K
  class space    used 8611K, capacity 9139K, committed 9216K, reserved 1048576K
Event: 12,090 GC heap after
Heap after GC invocations=11 (full 3):
 PSYoungGen      total 482304K, used 23551K [0x00000000e0000000, 0x0000000100000000, 0x0000000100000000)
  eden space 458752K, 0% used [0x00000000e0000000,0x00000000e0000000,0x00000000fc000000)
  from space 23552K, 99% used [0x00000000fe900000,0x00000000fffffc08,0x0000000100000000)
  to   space 32768K, 0% used [0x00000000fc000000,0x00000000fc000000,0x00000000fe000000)
 ParOldGen       total 196096K, used 47019K [0x00000000a0000000, 0x00000000abf80000, 0x00000000e0000000)
  object space 196096K, 23% used [0x00000000a0000000,0x00000000a2deaea0,0x00000000abf80000)
 Metaspace       used 65975K, capacity 68140K, committed 68312K, reserved 1107968K
  class space    used 8611K, capacity 9139K, committed 9216K, reserved 1048576K
}
Event: 57,961 GC heap before
{Heap before GC invocations=12 (full 3):
 PSYoungGen      total 482304K, used 482303K [0x00000000e0000000, 0x0000000100000000, 0x0000000100000000)
  eden space 458752K, 100% used [0x00000000e0000000,0x00000000fc000000,0x00000000fc000000)
  from space 23552K, 99% used [0x00000000fe900000,0x00000000fffffc08,0x0000000100000000)
  to   space 32768K, 0% used [0x00000000fc000000,0x00000000fc000000,0x00000000fe000000)
 ParOldGen       total 196096K, used 47019K [0x00000000a0000000, 0x00000000abf80000, 0x00000000e0000000)
  object space 196096K, 23% used [0x00000000a0000000,0x00000000a2deaea0,0x00000000abf80000)
 Metaspace       used 70585K, capacity 73352K, committed 73560K, reserved 1114112K
  class space    used 9130K, capacity 9765K, committed 9856K, reserved 1048576K
Event: 58,010 GC heap after
Heap after GC invocations=12 (full 3):
 PSYoungGen      total 491520K, used 32692K [0x00000000e0000000, 0x0000000100000000, 0x0000000100000000)
  eden space 458752K, 0% used [0x00000000e0000000,0x00000000e0000000,0x00000000fc000000)
  from space 32768K, 99% used [0x00000000fc000000,0x00000000fdfed1b0,0x00000000fe000000)
  to   space 32768K, 0% used [0x00000000fe000000,0x00000000fe000000,0x0000000100000000)
 ParOldGen       total 196096K, used 47027K [0x00000000a0000000, 0x00000000abf80000, 0x00000000e0000000)
  object space 196096K, 23% used [0x00000000a0000000,0x00000000a2decea0,0x00000000abf80000)
 Metaspace       used 70585K, capacity 73352K, committed 73560K, reserved 1114112K
  class space    used 9130K, capacity 9765K, committed 9856K, reserved 1048576K
}
Event: 417,215 GC heap before
{Heap before GC invocations=13 (full 3):
 PSYoungGen      total 491520K, used 491444K [0x00000000e0000000, 0x0000000100000000, 0x0000000100000000)
  eden space 458752K, 100% used [0x00000000e0000000,0x00000000fc000000,0x00000000fc000000)
  from space 32768K, 99% used [0x00000000fc000000,0x00000000fdfed1b0,0x00000000fe000000)
  to   space 32768K, 0% used [0x00000000fe000000,0x00000000fe000000,0x0000000100000000)
 ParOldGen       total 196096K, used 47027K [0x00000000a0000000, 0x00000000abf80000, 0x00000000e0000000)
  object space 196096K, 23% used [0x00000000a0000000,0x00000000a2decea0,0x00000000abf80000)
 Metaspace       used 72850K, capacity 75896K, committed 76120K, reserved 1116160K
  class space    used 9292K, capacity 9999K, committed 10112K, reserved 1048576K
Event: 417,269 GC heap after
Heap after GC invocations=13 (full 3):
 PSYoungGen      total 467968K, used 32765K [0x00000000e0000000, 0x0000000100000000, 0x0000000100000000)
  eden space 435200K, 0% used [0x00000000e0000000,0x00000000e0000000,0x00000000fa900000)
  from space 32768K, 99% used [0x00000000fe000000,0x00000000fffff728,0x0000000100000000)
  to   space 44544K, 0% used [0x00000000fa900000,0x00000000fa900000,0x00000000fd480000)
 ParOldGen       total 196096K, used 56177K [0x00000000a0000000, 0x00000000abf80000, 0x00000000e0000000)
  object space 196096K, 28% used [0x00000000a0000000,0x00000000a36dc668,0x00000000abf80000)
 Metaspace       used 72850K, capacity 75896K, committed 76120K, reserved 1116160K
  class space    used 9292K, capacity 9999K, committed 10112K, reserved 1048576K
}
Event: 646,230 GC heap before
{Heap before GC invocations=14 (full 3):
 PSYoungGen      total 467968K, used 467965K [0x00000000e0000000, 0x0000000100000000, 0x0000000100000000)
  eden space 435200K, 100% used [0x00000000e0000000,0x00000000fa900000,0x00000000fa900000)
  from space 32768K, 99% used [0x00000000fe000000,0x00000000fffff728,0x0000000100000000)
  to   space 44544K, 0% used [0x00000000fa900000,0x00000000fa900000,0x00000000fd480000)
 ParOldGen       total 196096K, used 56177K [0x00000000a0000000, 0x00000000abf80000, 0x00000000e0000000)
  object space 196096K, 28% used [0x00000000a0000000,0x00000000a36dc668,0x00000000abf80000)
 Metaspace       used 74280K, capacity 77604K, committed 77784K, reserved 1116160K
  class space    used 9408K, capacity 10195K, committed 10240K, reserved 1048576K

