# JRE version: OpenJDK Runtime Environment (8.0_152-b01) (build 1.8.0_152-release-915-b01)
# Java VM: OpenJDK 64-Bit Server VM (25.152-b01 mixed mode linux-amd64 compressed oops)
Heap:
 PSYoungGen      total 458240K, used 145361K [0x00000000e0000000, 0x00000000fff00000, 0x0000000100000000)
  eden space 392192K, 28% used [0x00000000e0000000,0x00000000e6b81fe0,0x00000000f7f00000)
  from space 66048K, 53% used [0x00000000f7f00000,0x00000000fa1724f8,0x00000000fbf80000)
  to   space 65024K, 0% used [0x00000000fbf80000,0x00000000fbf80000,0x00000000fff00000)
 ParOldGen       total 199680K, used 102208K [0x00000000a0000000, 0x00000000ac300000, 0x00000000e0000000)
  object space 199680K, 51% used [0x00000000a0000000,0x00000000a63d02d0,0x00000000ac300000)
 Metaspace       used 85973K, capacity 91938K, committed 92120K, reserved 1128448K
  class space    used 10864K, capacity 12185K, committed 12288K, reserved 1048576K
GC Heap History (10 events):
Event: 10513,910 GC heap before
{Heap before GC invocations=16 (full 3):
 PSYoungGen      total 472064K, used 472041K [0x00000000e0000000, 0x0000000100000000, 0x0000000100000000)
  eden space 440320K, 100% used [0x00000000e0000000,0x00000000fae00000,0x00000000fae00000)
  from space 31744K, 99% used [0x00000000fe100000,0x00000000ffffa790,0x0000000100000000)
  to   space 41984K, 0% used [0x00000000fae00000,0x00000000fae00000,0x00000000fd700000)
 ParOldGen       total 199680K, used 64615K [0x00000000a0000000, 0x00000000ac300000, 0x00000000e0000000)
  object space 199680K, 32% used [0x00000000a0000000,0x00000000a3f19f18,0x00000000ac300000)
 Metaspace       used 83557K, capacity 88782K, committed 88920K, reserved 1126400K
  class space    used 10633K, capacity 11815K, committed 11904K, reserved 1048576K
Event: 10513,931 GC heap after
Heap after GC invocations=16 (full 3):
 PSYoungGen      total 455168K, used 30886K [0x00000000e0000000, 0x00000000ff500000, 0x0000000100000000)
  eden space 423936K, 0% used [0x00000000e0000000,0x00000000e0000000,0x00000000f9e00000)
  from space 31232K, 98% used [0x00000000fae00000,0x00000000fcc298c8,0x00000000fcc80000)
  to   space 41472K, 0% used [0x00000000fcc80000,0x00000000fcc80000,0x00000000ff500000)
 ParOldGen       total 199680K, used 64623K [0x00000000a0000000, 0x00000000ac300000, 0x00000000e0000000)
  object space 199680K, 32% used [0x00000000a0000000,0x00000000a3f1bf18,0x00000000ac300000)
 Metaspace       used 83557K, capacity 88782K, committed 88920K, reserved 1126400K
  class space    used 10633K, capacity 11815K, committed 11904K, reserved 1048576K
}
Event: 10516,086 GC heap before
{Heap before GC invocations=17 (full 3):
 PSYoungGen      total 455168K, used 454822K [0x00000000e0000000, 0x00000000ff500000, 0x0000000100000000)
  eden space 423936K, 100% used [0x00000000e0000000,0x00000000f9e00000,0x00000000f9e00000)
  from space 31232K, 98% used [0x00000000fae00000,0x00000000fcc298c8,0x00000000fcc80000)
  to   space 41472K, 0% used [0x00000000fcc80000,0x00000000fcc80000,0x00000000ff500000)
 ParOldGen       total 199680K, used 64623K [0x00000000a0000000, 0x00000000ac300000, 0x00000000e0000000)
  object space 199680K, 32% used [0x00000000a0000000,0x00000000a3f1bf18,0x00000000ac300000)
 Metaspace       used 84792K, capacity 90382K, committed 90584K, reserved 1128448K
  class space    used 10746K, capacity 11993K, committed 12032K, reserved 1048576K
Event: 10516,140 GC heap after
Heap after GC invocations=17 (full 3):
 PSYoungGen      total 442880K, used 41455K [0x00000000e0000000, 0x0000000100000000, 0x0000000100000000)
  eden space 401408K, 0% used [0x00000000e0000000,0x00000000e0000000,0x00000000f8800000)
  from space 41472K, 99% used [0x00000000fcc80000,0x00000000ff4fbe00,0x00000000ff500000)
  to   space 61440K, 0% used [0x00000000f8800000,0x00000000f8800000,0x00000000fc400000)
 ParOldGen       total 199680K, used 95805K [0x00000000a0000000, 0x00000000ac300000, 0x00000000e0000000)
  object space 199680K, 47% used [0x00000000a0000000,0x00000000a5d8f7e0,0x00000000ac300000)
 Metaspace       used 84792K, capacity 90382K, committed 90584K, reserved 1128448K
  class space    used 10746K, capacity 11993K, committed 12032K, reserved 1048576K
}
Event: 10517,390 GC heap before
{Heap before GC invocations=18 (full 3):
 PSYoungGen      total 442880K, used 441860K [0x00000000e0000000, 0x0000000100000000, 0x0000000100000000)
  eden space 401408K, 99% used [0x00000000e0000000,0x00000000f87053b0,0x00000000f8800000)
  from space 41472K, 99% used [0x00000000fcc80000,0x00000000ff4fbe00,0x00000000ff500000)
  to   space 61440K, 0% used [0x00000000f8800000,0x00000000f8800000,0x00000000fc400000)
 ParOldGen       total 199680K, used 95805K [0x00000000a0000000, 0x00000000ac300000, 0x00000000e0000000)
  object space 199680K, 47% used [0x00000000a0000000,0x00000000a5d8f7e0,0x00000000ac300000)
 Metaspace       used 85103K, capacity 90782K, committed 90968K, reserved 1128448K
  class space    used 10784K, capacity 12035K, committed 12160K, reserved 1048576K
Event: 10517,415 GC heap after
Heap after GC invocations=18 (full 3):
 PSYoungGen      total 445952K, used 44239K [0x00000000e0000000, 0x0000000100000000, 0x0000000100000000)
  eden space 401408K, 0% used [0x00000000e0000000,0x00000000e0000000,0x00000000f8800000)
  from space 44544K, 99% used [0x00000000f8800000,0x00000000fb333ce8,0x00000000fb380000)
  to   space 65024K, 0% used [0x00000000fc080000,0x00000000fc080000,0x0000000100000000)
 ParOldGen       total 199680K, used 99230K [0x00000000a0000000, 0x00000000ac300000, 0x00000000e0000000)
  object space 199680K, 49% used [0x00000000a0000000,0x00000000a60e7870,0x00000000ac300000)
 Metaspace       used 85103K, capacity 90782K, committed 90968K, reserved 1128448K
  class space    used 10784K, capacity 12035K, committed 12160K, reserved 1048576K
}
Event: 10517,510 GC heap before
{Heap before GC invocations=19 (full 3):
 PSYoungGen      total 445952K, used 445341K [0x00000000e0000000, 0x0000000100000000, 0x0000000100000000)
  eden space 401408K, 99% used [0x00000000e0000000,0x00000000f87b3918,0x00000000f8800000)
  from space 44544K, 99% used [0x00000000f8800000,0x00000000fb333ce8,0x00000000fb380000)
  to   space 65024K, 0% used [0x00000000fc080000,0x00000000fc080000,0x0000000100000000)
 ParOldGen       total 199680K, used 99230K [0x00000000a0000000, 0x00000000ac300000, 0x00000000e0000000)
  object space 199680K, 49% used [0x00000000a0000000,0x00000000a60e7870,0x00000000ac300000)
 Metaspace       used 85126K, capacity 90782K, committed 90968K, reserved 1128448K
  class space    used 10784K, capacity 12035K, committed 12160K, reserved 1048576K
Event: 10517,541 GC heap after
Heap after GC invocations=19 (full 3):
 PSYoungGen      total 457216K, used 40320K [0x00000000e0000000, 0x0000000100000000, 0x0000000100000000)
  eden space 392192K, 0% used [0x00000000e0000000,0x00000000e0000000,0x00000000f7f00000)
  from space 65024K, 62% used [0x00000000fc080000,0x00000000fe7e0020,0x0000000100000000)
  to   space 66048K, 0% used [0x00000000f7f00000,0x00000000f7f00000,0x00000000fbf80000)
 ParOldGen       total 199680K, used 99238K [0x00000000a0000000, 0x00000000ac300000, 0x00000000e0000000)
  object space 199680K, 49% used [0x00000000a0000000,0x00000000a60e9870,0x00000000ac300000)
 Metaspace       used 85126K, capacity 90782K, committed 90968K, reserved 1128448K
  class space    used 10784K, capacity 12035K, committed 12160K, reserved 1048576K
}
Event: 10691,365 GC heap before
{Heap before GC invocations=20 (full 3):
 PSYoungGen      total 457216K, used 432512K [0x00000000e0000000, 0x0000000100000000, 0x0000000100000000)
  eden space 392192K, 100% used [0x00000000e0000000,0x00000000f7f00000,0x00000000f7f00000)
  from space 65024K, 62% used [0x00000000fc080000,0x00000000fe7e0020,0x0000000100000000)
  to   space 66048K, 0% used [0x00000000f7f00000,0x00000000f7f00000,0x00000000fbf80000)
 ParOldGen       total 199680K, used 99238K [0x00000000a0000000, 0x00000000ac300000, 0x00000000e0000000)
  object space 199680K, 49% used [0x00000000a0000000,0x00000000a60e9870,0x00000000ac300000)
 Metaspace       used 85898K, capacity 91838K, committed 92120K, reserved 1128448K
  class space    used 10862K, capacity 12181K, committed 12288K, reserved 1048576K
Event: 10691,388 GC heap after
Heap after GC invocations=20 (full 3):
 PSYoungGen      total 458240K, used 35273K [0x00000000e0000000, 0x00000000fff00000, 0x0000000100000000)
  eden space 392192K, 0% used [0x00000000e0000000,0x00000000e0000000,0x00000000f7f00000)
  from space 66048K, 53% used [0x00000000f7f00000,0x00000000fa1724f8,0x00000000fbf80000)
  to   space 65024K, 0% used [0x00000000fbf80000,0x00000000fbf80000,0x00000000fff00000)
 ParOldGen       total 199680K, used 102208K [0x00000000a0000000, 0x00000000ac300000, 0x00000000e0000000)
  object space 199680K, 51% used [0x00000000a0000000,0x00000000a63d02d0,0x00000000ac300000)
 Metaspace       used 85898K, capacity 91838K, committed 92120K, reserved 1128448K
  class space    used 10862K, capacity 12181K, committed 12288K, reserved 1048576K
}

