# JRE version: OpenJDK Runtime Environment (8.0_152-b01) (build 1.8.0_152-release-915-b01)
# Java VM: OpenJDK 64-Bit Server VM (25.152-b01 mixed mode linux-amd64 compressed oops)
Heap:
 PSYoungGen      total 220160K, used 73543K [0x00000000e0000000, 0x00000000f1000000, 0x0000000100000000)
  eden space 209920K, 30% used [0x00000000e0000000,0x00000000e3dd74d0,0x00000000ecd00000)
  from space 10240K, 99% used [0x00000000f0600000,0x00000000f0ffa920,0x00000000f1000000)
  to   space 10240K, 0% used [0x00000000efc00000,0x00000000efc00000,0x00000000f0600000)
 ParOldGen       total 94208K, used 8078K [0x00000000a0000000, 0x00000000a5c00000, 0x00000000e0000000)
  object space 94208K, 8% used [0x00000000a0000000,0x00000000a07e3888,0x00000000a5c00000)
 Metaspace       used 33554K, capacity 34310K, committed 34560K, reserved 1079296K
  class space    used 4561K, capacity 4810K, committed 4864K, reserved 1048576K
GC Heap History (10 events):
Event: 0,853 GC heap before
{Heap before GC invocations=1 (full 0):
 PSYoungGen      total 74752K, used 64512K [0x00000000e0000000, 0x00000000e5300000, 0x0000000100000000)
  eden space 64512K, 100% used [0x00000000e0000000,0x00000000e3f00000,0x00000000e3f00000)
  from space 10240K, 0% used [0x00000000e4900000,0x00000000e4900000,0x00000000e5300000)
  to   space 10240K, 0% used [0x00000000e3f00000,0x00000000e3f00000,0x00000000e4900000)
 ParOldGen       total 171008K, used 0K [0x00000000a0000000, 0x00000000aa700000, 0x00000000e0000000)
  object space 171008K, 0% used [0x00000000a0000000,0x00000000a0000018,0x00000000aa700000)
 Metaspace       used 11344K, capacity 11742K, committed 11904K, reserved 1058816K
  class space    used 1503K, capacity 1631K, committed 1664K, reserved 1048576K
Event: 0,864 GC heap after
Heap after GC invocations=1 (full 0):
 PSYoungGen      total 74752K, used 7892K [0x00000000e0000000, 0x00000000e9200000, 0x0000000100000000)
  eden space 64512K, 0% used [0x00000000e0000000,0x00000000e0000000,0x00000000e3f00000)
  from space 10240K, 77% used [0x00000000e3f00000,0x00000000e46b50a8,0x00000000e4900000)
  to   space 10240K, 0% used [0x00000000e8800000,0x00000000e8800000,0x00000000e9200000)
 ParOldGen       total 171008K, used 16K [0x00000000a0000000, 0x00000000aa700000, 0x00000000e0000000)
  object space 171008K, 0% used [0x00000000a0000000,0x00000000a0004018,0x00000000aa700000)
 Metaspace       used 11344K, capacity 11742K, committed 11904K, reserved 1058816K
  class space    used 1503K, capacity 1631K, committed 1664K, reserved 1048576K
}
Event: 1,674 GC heap before
{Heap before GC invocations=2 (full 0):
 PSYoungGen      total 74752K, used 72404K [0x00000000e0000000, 0x00000000e9200000, 0x0000000100000000)
  eden space 64512K, 100% used [0x00000000e0000000,0x00000000e3f00000,0x00000000e3f00000)
  from space 10240K, 77% used [0x00000000e3f00000,0x00000000e46b50a8,0x00000000e4900000)
  to   space 10240K, 0% used [0x00000000e8800000,0x00000000e8800000,0x00000000e9200000)
 ParOldGen       total 171008K, used 24K [0x00000000a0000000, 0x00000000aa700000, 0x00000000e0000000)
  object space 171008K, 0% used [0x00000000a0000000,0x00000000a0006110,0x00000000aa700000)
 Metaspace       used 18539K, capacity 19076K, committed 19456K, reserved 1067008K
  class space    used 2603K, capacity 2785K, committed 2816K, reserved 1048576K
Event: 1,699 GC heap after
Heap after GC invocations=2 (full 0):
 PSYoungGen      total 139264K, used 10221K [0x00000000e0000000, 0x00000000e9200000, 0x0000000100000000)
  eden space 129024K, 0% used [0x00000000e0000000,0x00000000e0000000,0x00000000e7e00000)
  from space 10240K, 99% used [0x00000000e8800000,0x00000000e91fb6a0,0x00000000e9200000)
  to   space 10240K, 0% used [0x00000000e7e00000,0x00000000e7e00000,0x00000000e8800000)
 ParOldGen       total 171008K, used 1563K [0x00000000a0000000, 0x00000000aa700000, 0x00000000e0000000)
  object space 171008K, 0% used [0x00000000a0000000,0x00000000a0186d08,0x00000000aa700000)
 Metaspace       used 18539K, capacity 19076K, committed 19456K, reserved 1067008K
  class space    used 2603K, capacity 2785K, committed 2816K, reserved 1048576K
}
Event: 1,791 GC heap before
{Heap before GC invocations=3 (full 0):
 PSYoungGen      total 139264K, used 18677K [0x00000000e0000000, 0x00000000e9200000, 0x0000000100000000)
  eden space 129024K, 6% used [0x00000000e0000000,0x00000000e0841fb8,0x00000000e7e00000)
  from space 10240K, 99% used [0x00000000e8800000,0x00000000e91fb6a0,0x00000000e9200000)
  to   space 10240K, 0% used [0x00000000e7e00000,0x00000000e7e00000,0x00000000e8800000)
 ParOldGen       total 171008K, used 1563K [0x00000000a0000000, 0x00000000aa700000, 0x00000000e0000000)
  object space 171008K, 0% used [0x00000000a0000000,0x00000000a0186d08,0x00000000aa700000)
 Metaspace       used 20525K, capacity 21028K, committed 21248K, reserved 1067008K
  class space    used 2848K, capacity 3009K, committed 3072K, reserved 1048576K
Event: 1,804 GC heap after
Heap after GC invocations=3 (full 0):
 PSYoungGen      total 139264K, used 6955K [0x00000000e0000000, 0x00000000f1000000, 0x0000000100000000)
  eden space 129024K, 0% used [0x00000000e0000000,0x00000000e0000000,0x00000000e7e00000)
  from space 10240K, 67% used [0x00000000e7e00000,0x00000000e84cac20,0x00000000e8800000)
  to   space 10240K, 0% used [0x00000000f0600000,0x00000000f0600000,0x00000000f1000000)
 ParOldGen       total 171008K, used 1571K [0x00000000a0000000, 0x00000000aa700000, 0x00000000e0000000)
  object space 171008K, 0% used [0x00000000a0000000,0x00000000a0188d08,0x00000000aa700000)
 Metaspace       used 20525K, capacity 21028K, committed 21248K, reserved 1067008K
  class space    used 2848K, capacity 3009K, committed 3072K, reserved 1048576K
}
Event: 1,804 GC heap before
{Heap before GC invocations=4 (full 1):
 PSYoungGen      total 139264K, used 6955K [0x00000000e0000000, 0x00000000f1000000, 0x0000000100000000)
  eden space 129024K, 0% used [0x00000000e0000000,0x00000000e0000000,0x00000000e7e00000)
  from space 10240K, 67% used [0x00000000e7e00000,0x00000000e84cac20,0x00000000e8800000)
  to   space 10240K, 0% used [0x00000000f0600000,0x00000000f0600000,0x00000000f1000000)
 ParOldGen       total 171008K, used 1571K [0x00000000a0000000, 0x00000000aa700000, 0x00000000e0000000)
  object space 171008K, 0% used [0x00000000a0000000,0x00000000a0188d08,0x00000000aa700000)
 Metaspace       used 20525K, capacity 21028K, committed 21248K, reserved 1067008K
  class space    used 2848K, capacity 3009K, committed 3072K, reserved 1048576K
Event: 1,849 GC heap after
Heap after GC invocations=4 (full 1):
 PSYoungGen      total 139264K, used 0K [0x00000000e0000000, 0x00000000f1000000, 0x0000000100000000)
  eden space 129024K, 0% used [0x00000000e0000000,0x00000000e0000000,0x00000000e7e00000)
  from space 10240K, 0% used [0x00000000e7e00000,0x00000000e7e00000,0x00000000e8800000)
  to   space 10240K, 0% used [0x00000000f0600000,0x00000000f0600000,0x00000000f1000000)
 ParOldGen       total 94208K, used 6726K [0x00000000a0000000, 0x00000000a5c00000, 0x00000000e0000000)
  object space 94208K, 7% used [0x00000000a0000000,0x00000000a06918b0,0x00000000a5c00000)
 Metaspace       used 20525K, capacity 21028K, committed 21248K, reserved 1067008K
  class space    used 2848K, capacity 3009K, committed 3072K, reserved 1048576K
}
Event: 3,234 GC heap before
{Heap before GC invocations=5 (full 1):
 PSYoungGen      total 139264K, used 129024K [0x00000000e0000000, 0x00000000f1000000, 0x0000000100000000)
  eden space 129024K, 100% used [0x00000000e0000000,0x00000000e7e00000,0x00000000e7e00000)
  from space 10240K, 0% used [0x00000000e7e00000,0x00000000e7e00000,0x00000000e8800000)
  to   space 10240K, 0% used [0x00000000f0600000,0x00000000f0600000,0x00000000f1000000)
 ParOldGen       total 94208K, used 6726K [0x00000000a0000000, 0x00000000a5c00000, 0x00000000e0000000)
  object space 94208K, 7% used [0x00000000a0000000,0x00000000a06918b0,0x00000000a5c00000)
 Metaspace       used 29867K, capacity 30534K, committed 30720K, reserved 1075200K
  class space    used 4087K, capacity 4290K, committed 4352K, reserved 1048576K
Event: 3,247 GC heap after
Heap after GC invocations=5 (full 1):
 PSYoungGen      total 220160K, used 10218K [0x00000000e0000000, 0x00000000f1000000, 0x0000000100000000)
  eden space 209920K, 0% used [0x00000000e0000000,0x00000000e0000000,0x00000000ecd00000)
  from space 10240K, 99% used [0x00000000f0600000,0x00000000f0ffa920,0x00000000f1000000)
  to   space 10240K, 0% used [0x00000000efc00000,0x00000000efc00000,0x00000000f0600000)
 ParOldGen       total 94208K, used 8078K [0x00000000a0000000, 0x00000000a5c00000, 0x00000000e0000000)
  object space 94208K, 8% used [0x00000000a0000000,0x00000000a07e3888,0x00000000a5c00000)
 Metaspace       used 29867K, capacity 30534K, committed 30720K, reserved 1075200K
  class space    used 4087K, capacity 4290K, committed 4352K, reserved 1048576K
}

