# JRE version: OpenJDK Runtime Environment (8.0_152-b01) (build 1.8.0_152-release-915-b01)
# Java VM: OpenJDK 64-Bit Server VM (25.152-b01 mixed mode linux-amd64 compressed oops)
Heap:
 PSYoungGen      total 268288K, used 225719K [0x00000000e0000000, 0x00000000f8500000, 0x0000000100000000)
  eden space 258048K, 87% used [0x00000000e0000000,0x00000000edc6df08,0x00000000efc00000)
  from space 10240K, 0% used [0x00000000efc00000,0x00000000efc00000,0x00000000f0600000)
  to   space 14336K, 0% used [0x00000000f7700000,0x00000000f7700000,0x00000000f8500000)
 ParOldGen       total 124928K, used 15902K [0x00000000a0000000, 0x00000000a7a00000, 0x00000000e0000000)
  object space 124928K, 12% used [0x00000000a0000000,0x00000000a0f87830,0x00000000a7a00000)
 Metaspace       used 46519K, capacity 47532K, committed 47832K, reserved 1091584K
  class space    used 6191K, capacity 6533K, committed 6656K, reserved 1048576K
GC Heap History (10 events):
Event: 1,766 GC heap before
{Heap before GC invocations=3 (full 0):
 PSYoungGen      total 139264K, used 16107K [0x00000000e0000000, 0x00000000e9200000, 0x0000000100000000)
  eden space 129024K, 4% used [0x00000000e0000000,0x00000000e05c08e8,0x00000000e7e00000)
  from space 10240K, 99% used [0x00000000e8800000,0x00000000e91fa368,0x00000000e9200000)
  to   space 10240K, 0% used [0x00000000e7e00000,0x00000000e7e00000,0x00000000e8800000)
 ParOldGen       total 171008K, used 1992K [0x00000000a0000000, 0x00000000aa700000, 0x00000000e0000000)
  object space 171008K, 1% used [0x00000000a0000000,0x00000000a01f2238,0x00000000aa700000)
 Metaspace       used 20527K, capacity 21028K, committed 21248K, reserved 1067008K
  class space    used 2844K, capacity 3009K, committed 3072K, reserved 1048576K
Event: 1,787 GC heap after
Heap after GC invocations=3 (full 0):
 PSYoungGen      total 139264K, used 6620K [0x00000000e0000000, 0x00000000f1000000, 0x0000000100000000)
  eden space 129024K, 0% used [0x00000000e0000000,0x00000000e0000000,0x00000000e7e00000)
  from space 10240K, 64% used [0x00000000e7e00000,0x00000000e84771c8,0x00000000e8800000)
  to   space 10240K, 0% used [0x00000000f0600000,0x00000000f0600000,0x00000000f1000000)
 ParOldGen       total 171008K, used 2000K [0x00000000a0000000, 0x00000000aa700000, 0x00000000e0000000)
  object space 171008K, 1% used [0x00000000a0000000,0x00000000a01f4238,0x00000000aa700000)
 Metaspace       used 20527K, capacity 21028K, committed 21248K, reserved 1067008K
  class space    used 2844K, capacity 3009K, committed 3072K, reserved 1048576K
}
Event: 1,787 GC heap before
{Heap before GC invocations=4 (full 1):
 PSYoungGen      total 139264K, used 6620K [0x00000000e0000000, 0x00000000f1000000, 0x0000000100000000)
  eden space 129024K, 0% used [0x00000000e0000000,0x00000000e0000000,0x00000000e7e00000)
  from space 10240K, 64% used [0x00000000e7e00000,0x00000000e84771c8,0x00000000e8800000)
  to   space 10240K, 0% used [0x00000000f0600000,0x00000000f0600000,0x00000000f1000000)
 ParOldGen       total 171008K, used 2000K [0x00000000a0000000, 0x00000000aa700000, 0x00000000e0000000)
  object space 171008K, 1% used [0x00000000a0000000,0x00000000a01f4238,0x00000000aa700000)
 Metaspace       used 20527K, capacity 21028K, committed 21248K, reserved 1067008K
  class space    used 2844K, capacity 3009K, committed 3072K, reserved 1048576K
Event: 1,837 GC heap after
Heap after GC invocations=4 (full 1):
 PSYoungGen      total 139264K, used 0K [0x00000000e0000000, 0x00000000f1000000, 0x0000000100000000)
  eden space 129024K, 0% used [0x00000000e0000000,0x00000000e0000000,0x00000000e7e00000)
  from space 10240K, 0% used [0x00000000e7e00000,0x00000000e7e00000,0x00000000e8800000)
  to   space 10240K, 0% used [0x00000000f0600000,0x00000000f0600000,0x00000000f1000000)
 ParOldGen       total 88576K, used 6378K [0x00000000a0000000, 0x00000000a5680000, 0x00000000e0000000)
  object space 88576K, 7% used [0x00000000a0000000,0x00000000a063aaa8,0x00000000a5680000)
 Metaspace       used 20527K, capacity 21028K, committed 21248K, reserved 1067008K
  class space    used 2844K, capacity 3009K, committed 3072K, reserved 1048576K
}
Event: 3,242 GC heap before
{Heap before GC invocations=5 (full 1):
 PSYoungGen      total 139264K, used 129024K [0x00000000e0000000, 0x00000000f1000000, 0x0000000100000000)
  eden space 129024K, 100% used [0x00000000e0000000,0x00000000e7e00000,0x00000000e7e00000)
  from space 10240K, 0% used [0x00000000e7e00000,0x00000000e7e00000,0x00000000e8800000)
  to   space 10240K, 0% used [0x00000000f0600000,0x00000000f0600000,0x00000000f1000000)
 ParOldGen       total 88576K, used 6378K [0x00000000a0000000, 0x00000000a5680000, 0x00000000e0000000)
  object space 88576K, 7% used [0x00000000a0000000,0x00000000a063aaa8,0x00000000a5680000)
 Metaspace       used 29866K, capacity 30534K, committed 30720K, reserved 1075200K
  class space    used 4083K, capacity 4290K, committed 4352K, reserved 1048576K
Event: 3,254 GC heap after
Heap after GC invocations=5 (full 1):
 PSYoungGen      total 231424K, used 10223K [0x00000000e0000000, 0x00000000f1000000, 0x0000000100000000)
  eden space 221184K, 0% used [0x00000000e0000000,0x00000000e0000000,0x00000000ed800000)
  from space 10240K, 99% used [0x00000000f0600000,0x00000000f0ffbd08,0x00000000f1000000)
  to   space 10240K, 0% used [0x00000000efc00000,0x00000000efc00000,0x00000000f0600000)
 ParOldGen       total 88576K, used 8155K [0x00000000a0000000, 0x00000000a5680000, 0x00000000e0000000)
  object space 88576K, 9% used [0x00000000a0000000,0x00000000a07f6d48,0x00000000a5680000)
 Metaspace       used 29866K, capacity 30534K, committed 30720K, reserved 1075200K
  class space    used 4083K, capacity 4290K, committed 4352K, reserved 1048576K
}
Event: 4,011 GC heap before
{Heap before GC invocations=6 (full 1):
 PSYoungGen      total 231424K, used 81009K [0x00000000e0000000, 0x00000000f1000000, 0x0000000100000000)
  eden space 221184K, 32% used [0x00000000e0000000,0x00000000e4520a68,0x00000000ed800000)
  from space 10240K, 99% used [0x00000000f0600000,0x00000000f0ffbd08,0x00000000f1000000)
  to   space 10240K, 0% used [0x00000000efc00000,0x00000000efc00000,0x00000000f0600000)
 ParOldGen       total 88576K, used 8155K [0x00000000a0000000, 0x00000000a5680000, 0x00000000e0000000)
  object space 88576K, 9% used [0x00000000a0000000,0x00000000a07f6d48,0x00000000a5680000)
 Metaspace       used 34520K, capacity 35188K, committed 35416K, reserved 1079296K
  class space    used 4688K, capacity 4934K, committed 4992K, reserved 1048576K
Event: 4,025 GC heap after
Heap after GC invocations=6 (full 1):
 PSYoungGen      total 268288K, used 9917K [0x00000000e0000000, 0x00000000f8500000, 0x0000000100000000)
  eden space 258048K, 0% used [0x00000000e0000000,0x00000000e0000000,0x00000000efc00000)
  from space 10240K, 96% used [0x00000000efc00000,0x00000000f05af6d8,0x00000000f0600000)
  to   space 14336K, 0% used [0x00000000f7700000,0x00000000f7700000,0x00000000f8500000)
 ParOldGen       total 88576K, used 8227K [0x00000000a0000000, 0x00000000a5680000, 0x00000000e0000000)
  object space 88576K, 9% used [0x00000000a0000000,0x00000000a0808d58,0x00000000a5680000)
 Metaspace       used 34520K, capacity 35188K, committed 35416K, reserved 1079296K
  class space    used 4688K, capacity 4934K, committed 4992K, reserved 1048576K
}
Event: 4,025 GC heap before
{Heap before GC invocations=7 (full 2):
 PSYoungGen      total 268288K, used 9917K [0x00000000e0000000, 0x00000000f8500000, 0x0000000100000000)
  eden space 258048K, 0% used [0x00000000e0000000,0x00000000e0000000,0x00000000efc00000)
  from space 10240K, 96% used [0x00000000efc00000,0x00000000f05af6d8,0x00000000f0600000)
  to   space 14336K, 0% used [0x00000000f7700000,0x00000000f7700000,0x00000000f8500000)
 ParOldGen       total 88576K, used 8227K [0x00000000a0000000, 0x00000000a5680000, 0x00000000e0000000)
  object space 88576K, 9% used [0x00000000a0000000,0x00000000a0808d58,0x00000000a5680000)
 Metaspace       used 34520K, capacity 35188K, committed 35416K, reserved 1079296K
  class space    used 4688K, capacity 4934K, committed 4992K, reserved 1048576K
Event: 4,084 GC heap after
Heap after GC invocations=7 (full 2):
 PSYoungGen      total 268288K, used 0K [0x00000000e0000000, 0x00000000f8500000, 0x0000000100000000)
  eden space 258048K, 0% used [0x00000000e0000000,0x00000000e0000000,0x00000000efc00000)
  from space 10240K, 0% used [0x00000000efc00000,0x00000000efc00000,0x00000000f0600000)
  to   space 14336K, 0% used [0x00000000f7700000,0x00000000f7700000,0x00000000f8500000)
 ParOldGen       total 124928K, used 15902K [0x00000000a0000000, 0x00000000a7a00000, 0x00000000e0000000)
  object space 124928K, 12% used [0x00000000a0000000,0x00000000a0f87830,0x00000000a7a00000)
 Metaspace       used 34520K, capacity 35188K, committed 35416K, reserved 1079296K
  class space    used 4688K, capacity 4934K, committed 4992K, reserved 1048576K
}

